2015-11-25 02:33:00,054 ***Started server***
2015-11-25 02:33:00,069  * Running on http://0.0.0.0:8080/
2015-11-25 02:33:00,069  * Restarting with reloader
2015-11-25 02:33:00,397 ***Started server***
2015-11-25 02:33:57,250  * Detected change in '/vagrant/PuppyShelter/config.py', reloading
2015-11-25 02:33:57,280  * Restarting with reloader
2015-11-25 02:33:57,618 ***Started server***
2015-11-25 02:34:04,876  * Detected change in '/vagrant/PuppyShelter/config.py', reloading
2015-11-25 02:34:04,903  * Restarting with reloader
2015-11-25 02:34:11,464  * Detected change in 'runserver.py', reloading
2015-11-25 02:34:11,494  * Restarting with reloader
2015-11-25 02:34:11,820 ***Started server***
2015-11-25 02:34:17,707 ***Started server***
2015-11-25 02:34:17,725  * Running on http://0.0.0.0:8080/
2015-11-25 02:34:17,725  * Restarting with reloader
2015-11-25 02:34:18,056 ***Started server***
2015-11-25 02:34:51,084  * Detected change in '/vagrant/PuppyShelter/config.py', reloading
2015-11-25 02:34:51,098  * Restarting with reloader
2015-11-25 02:34:51,473 ***Started server***
2015-11-25 02:34:51,474 ***Started server***
2015-11-25 02:35:27,183  * Detected change in 'runserver.py', reloading
2015-11-25 02:35:27,215  * Restarting with reloader
2015-11-25 02:35:27,542 ***Started server***
2015-11-25 02:40:48,852  * Detected change in '/vagrant/PuppyShelter/PuppyShelter/shelterViews.py', reloading
2015-11-25 02:40:48,878  * Restarting with reloader
2015-11-25 02:40:49,285 ***Started server***
2015-11-25 02:41:26,201  * Detected change in '/vagrant/PuppyShelter/PuppyShelter/ownerViews.py', reloading
2015-11-25 02:41:26,219  * Restarting with reloader
2015-11-25 02:41:26,547 ***Started server***
2015-11-25 02:41:27,615  * Detected change in '/vagrant/PuppyShelter/PuppyShelter/puppyViews.py', reloading
2015-11-25 02:41:27,641  * Restarting with reloader
2015-11-25 02:41:27,997 ***Started server***
